<?xml version="1.0" encoding="UTF-8"?>
<testng-results skipped="0" failed="0" ignored="0" total="1" passed="1">
  <reporter-output>
  </reporter-output>
  <suite name="Sample Test Suite" duration-ms="8136" started-at="2019-01-18T10:53:43Z" finished-at="2019-01-18T10:53:52Z">
    <groups>
    </groups>
    <test name="TestNg Test" duration-ms="8136" started-at="2019-01-18T10:53:43Z" finished-at="2019-01-18T10:53:52Z">
      <class name="newpkg.newtestng">
        <test-method status="PASS" signature="f()[pri:0, instance:newpkg.newtestng@387c703b]" name="f" duration-ms="8098" started-at="2019-01-18T10:53:43Z" finished-at="2019-01-18T10:53:52Z">
          <reporter-output>
          </reporter-output>
        </test-method> <!-- f -->
      </class> <!-- newpkg.newtestng -->
    </test> <!-- TestNg Test -->
  </suite> <!-- Sample Test Suite -->
</testng-results>
